<?xml version="1.0" encoding="UTF-8" ?>
<testsuite tests="12" failures="0" name="com.qa.ims.persistence.dao.OrderDaoTest" time="1.89" errors="0" skipped="0">
  <properties>
[...]
</properties>
  <testcase classname="com.qa.ims.persistence.dao.OrderDaoTest" name="constructorTest" time="0.029"/>
  <testcase classname="com.qa.ims.persistence.dao.OrderDaoTest" name="readAllTest" time="0.223"/>
  <testcase classname="com.qa.ims.persistence.dao.OrderDaoTest" name="deleteFailTest" time="0.11"/>
  <testcase classname="com.qa.ims.persistence.dao.OrderDaoTest" name="deleteItemTest" time="0.291"/>
  <testcase classname="com.qa.ims.persistence.dao.OrderDaoTest" name="updateTest" time="0.223"/>
  <testcase classname="com.qa.ims.persistence.dao.OrderDaoTest" name="readOrderFailTest" time="0.226"/>
  <testcase classname="com.qa.ims.persistence.dao.OrderDaoTest" name="updateDeleteTest" time="0.12"/>
  <testcase classname="com.qa.ims.persistence.dao.OrderDaoTest" name="createTest" time="0.07"/>
  <testcase classname="com.qa.ims.persistence.dao.OrderDaoTest" name="updateFailTest" time="0.116"/>
  <testcase classname="com.qa.ims.persistence.dao.OrderDaoTest" name="createFailTest" time="0.058"/>
  <testcase classname="com.qa.ims.persistence.dao.OrderDaoTest" name="deleteTest" time="0.153"/>
  <testcase classname="com.qa.ims.persistence.dao.OrderDaoTest" name="readOrderTest" time="0.271"/>
</testsuite>